<?xml version="1.0" encoding="UTF-8"?>
<!-- Generated by org.testng.reporters.JUnitReportReporter -->
<testsuite skipped="0" hostname="DESKTOP-L6DALCH" name="Test.TestSecurity" tests="1" failures="0" timestamp="06 Jan 2019 21:15:43 GMT" time="66.096" errors="0">
  <testcase name="testSecurity" time="66.096" classname="Test.TestSecurity"/>
</testsuite> <!-- Test.TestSecurity -->
