<?xml version="1.0" encoding="UTF-8"?>
<!-- Generated by org.testng.reporters.JUnitReportReporter -->
<testsuite skipped="0" hostname="LK-LPA" name="Test.TestAngular" tests="1" failures="0" timestamp="11 Jan 2019 08:49:16 GMT" time="18.667" errors="0">
  <testcase name="testAngular" time="18.667" classname="Test.TestAngular"/>
</testsuite> <!-- Test.TestAngular -->
