<?xml version="1.0" encoding="UTF-8"?>
<!-- Generated by org.testng.reporters.JUnitReportReporter -->
<testsuite skipped="0" hostname="DESKTOP-L6DALCH" name="Test.CalculatorClass" tests="1" failures="0" timestamp="05 Jan 2019 11:46:49 GMT" time="1.694" errors="0">
  <testcase name="testCalc" time="1.694" classname="Test.CalculatorClass"/>
</testsuite> <!-- Test.CalculatorClass -->
