<?xml version="1.0" encoding="UTF-8"?>
<!-- Generated by org.testng.reporters.JUnitReportReporter -->
<testsuite skipped="0" hostname="kushan" name="TestBankPkg.OTPGet" tests="1" failures="0" timestamp="14 Jan 2019 22:01:21 GMT" time="16.290" errors="0">
  <testcase name="testBankLoginMakePayment" time="16.290" classname="TestBankPkg.OTPGet"/>
</testsuite> <!-- TestBankPkg.OTPGet -->
