<?xml version="1.0" encoding="UTF-8"?>
<!-- Generated by org.testng.reporters.JUnitReportReporter -->
<testsuite skipped="0" hostname="DESKTOP-L6DALCH" name="Test.PostmanRunTest" tests="1" failures="0" timestamp="09 Jan 2019 21:03:43 GMT" time="29.269" errors="0">
  <testcase name="postmanRun" time="29.269" classname="Test.PostmanRunTest"/>
</testsuite> <!-- Test.PostmanRunTest -->
