<?xml version="1.0" encoding="UTF-8"?>
<!-- Generated by org.testng.reporters.JUnitReportReporter -->
<testsuite skipped="0" hostname="DESKTOP-L6DALCH" name="Utility.FileOpenDialog" tests="1" failures="0" timestamp="19 Jan 2019 17:06:30 GMT" time="0.781" errors="0">
  <testcase name="openDlg" time="0.781" classname="Utility.FileOpenDialog"/>
</testsuite> <!-- Utility.FileOpenDialog -->
