<?xml version="1.0" encoding="UTF-8"?>
<!-- Generated by org.testng.reporters.JUnitReportReporter -->
<testsuite skipped="0" hostname="DESKTOP-L6DALCH" name="Test.TestFileOpen" tests="1" failures="0" timestamp="19 Jan 2019 17:26:47 GMT" time="12.363" errors="0">
  <testcase name="test" time="12.363" classname="Test.TestFileOpen"/>
</testsuite> <!-- Test.TestFileOpen -->
