<?xml version="1.0" encoding="UTF-8"?>
<!-- Generated by org.testng.reporters.JUnitReportReporter -->
<testsuite skipped="0" hostname="LK-LPA" name="Test.ClientSidePerfTesting" tests="1" failures="0" timestamp="21 Jan 2019 06:40:48 GMT" time="13.156" errors="0">
  <testcase name="test" time="13.156" classname="Test.ClientSidePerfTesting"/>
</testsuite> <!-- Test.ClientSidePerfTesting -->
