<?xml version="1.0" encoding="UTF-8"?>
<!-- Generated by org.testng.reporters.JUnitReportReporter -->
<testsuite skipped="0" hostname="DESKTOP-L6DALCH" name="Test.Test_SFTP" tests="1" failures="0" timestamp="17 Jan 2019 23:14:21 GMT" time="3.481" errors="0">
  <testcase name="test" time="3.481" classname="Test.Test_SFTP"/>
</testsuite> <!-- Test.Test_SFTP -->
