<?xml version="1.0" encoding="UTF-8"?>
<!-- Generated by org.testng.reporters.JUnitReportReporter -->
<testsuite skipped="0" hostname="DESKTOP-L6DALCH" name="Test.test_delete" tests="1" failures="0" timestamp="09 Jan 2019 20:35:05 GMT" time="5.313" errors="0">
  <testcase name="post_test_req" time="5.313" classname="Test.test_delete"/>
</testsuite> <!-- Test.test_delete -->
