<?xml version="1.0" encoding="UTF-8"?>
<!-- Generated by org.testng.reporters.JUnitReportReporter -->
<testsuite skipped="0" hostname="kushan" name="TestBankPkg.BankAppTest" tests="1" failures="0" timestamp="14 Jan 2019 19:46:45 GMT" time="54.601" errors="0">
  <testcase name="testBankLoginMakePayment" time="54.601" classname="TestBankPkg.BankAppTest"/>
</testsuite> <!-- TestBankPkg.BankAppTest -->
