<?xml version="1.0" encoding="UTF-8"?>
<!-- Generated by org.testng.reporters.JUnitReportReporter -->
<testsuite skipped="0" hostname="DESKTOP-L6DALCH" name="Test.BarcodeVerification" tests="1" failures="0" timestamp="09 Jan 2019 20:33:16 GMT" time="11.652" errors="0">
  <testcase name="verifyBarCode" time="11.652" classname="Test.BarcodeVerification"/>
</testsuite> <!-- Test.BarcodeVerification -->
