<?xml version="1.0" encoding="UTF-8"?>
<!-- Generated by org.testng.reporters.JUnitReportReporter -->
<testsuite skipped="0" hostname="kushan" name="Test.TestAIImage" tests="1" failures="0" timestamp="25 Dec 2018 02:51:35 GMT" time="0.393" errors="0">
  <testcase name="testImageCompare" time="0.393" classname="Test.TestAIImage"/>
</testsuite> <!-- Test.TestAIImage -->
