<?xml version="1.0" encoding="UTF-8"?>
<!-- Generated by org.testng.reporters.JUnitReportReporter -->
<testsuite skipped="0" hostname="DESKTOP-L6DALCH" name="Test.Test_Accessibility" tests="1" failures="0" timestamp="18 Jan 2019 19:56:32 GMT" time="20.383" errors="0">
  <testcase name="testAccessibility" time="20.383" classname="Test.Test_Accessibility"/>
</testsuite> <!-- Test.Test_Accessibility -->
