<?xml version="1.0" encoding="UTF-8"?>
<!-- Generated by org.testng.reporters.JUnitReportReporter -->
<testsuite skipped="0" hostname="LK-LPA" name="Test.TestSSH" tests="1" failures="0" timestamp="16 Jan 2019 09:00:00 GMT" time="1.644" errors="0">
  <testcase name="testCase" time="1.644" classname="Test.TestSSH"/>
</testsuite> <!-- Test.TestSSH -->
